{"level":"warn","message":"[security] JWT_SECRET is not set. Define a strong secret in your .env file.","timestamp":"2025-12-18T02:29:15.386Z"}
{"level":"warn","message":"Google OAuth not configured (missing CLIENT_ID or CLIENT_SECRET)","timestamp":"2025-12-18T02:29:15.917Z"}
{"level":"error","message":"[security] JWT_SECRET is not set. Generate one using `npm run generate-secret` and set it in .env","timestamp":"2025-12-18T02:29:15.998Z"}
{"level":"info","message":"Server listening on port 4002","timestamp":"2025-12-18T02:29:16.014Z"}
{"level":"warn","message":"[security] JWT_SECRET is not set. Define a strong secret in your .env file.","timestamp":"2025-12-18T02:30:31.391Z"}
{"level":"warn","message":"Google OAuth not configured (missing CLIENT_ID or CLIENT_SECRET)","timestamp":"2025-12-18T02:30:31.793Z"}
{"level":"error","message":"[security] JWT_SECRET is not set. Generate one using `npm run generate-secret` and set it in .env","timestamp":"2025-12-18T02:30:31.795Z"}
{"level":"info","message":"Server listening on port 4002","timestamp":"2025-12-18T02:30:31.804Z"}
{"level":"warn","message":"[security] JWT_SECRET is not set. Define a strong secret in your .env file.","timestamp":"2025-12-18T02:31:24.629Z"}
{"level":"warn","message":"Google OAuth not configured (missing CLIENT_ID or CLIENT_SECRET)","timestamp":"2025-12-18T02:31:25.032Z"}
{"level":"error","message":"[security] JWT_SECRET is not set. Generate one using `npm run generate-secret` and set it in .env","timestamp":"2025-12-18T02:31:25.034Z"}
{"level":"info","message":"Server listening on port 4002","timestamp":"2025-12-18T02:31:25.040Z"}
{"level":"info","message":"Server listening on port 4002","timestamp":"2025-12-18T02:35:47.238Z"}
{"level":"error","message":"Database connection failed: PrismaClientInitializationError: Can't reach database server at `localhost:5432`\n\nPlease make sure your database server is running at `localhost:5432`.\n    at t (C:\\Users\\Boutobza\\Desktop\\2\\backend\\node_modules\\@prisma\\client\\runtime\\library.js:112:2488)\n    at async ensureDatabase (C:\\Users\\Boutobza\\Desktop\\2\\backend\\src\\server.js:131:5)\n    at async C:\\Users\\Boutobza\\Desktop\\2\\backend\\src\\server.js:169:5 {\n  [stack]: [Getter/Setter],\n  [message]: \"Can't reach database server at `localhost:5432`\\n\" +\n    '\\n' +\n    'Please make sure your database server is running at `localhost:5432`.',\n  name: 'PrismaClientInitializationError',\n  clientVersion: '5.22.0',\n  errorCode: 'P1001',\n  [Symbol(Symbol.toStringTag)]: [Getter]\n}","timestamp":"2025-12-18T02:45:11.208Z"}
{"level":"error","message":"Database connection failed: PrismaClientInitializationError: Can't reach database server at `localhost:5432`\n\nPlease make sure your database server is running at `localhost:5432`.\n    at t (C:\\Users\\Boutobza\\Desktop\\2\\backend\\node_modules\\@prisma\\client\\runtime\\library.js:112:2488)\n    at async ensureDatabase (C:\\Users\\Boutobza\\Desktop\\2\\backend\\src\\server.js:131:5)\n    at async C:\\Users\\Boutobza\\Desktop\\2\\backend\\src\\server.js:169:5 {\n  [stack]: [Getter/Setter],\n  [message]: \"Can't reach database server at `localhost:5432`\\n\" +\n    '\\n' +\n    'Please make sure your database server is running at `localhost:5432`.',\n  name: 'PrismaClientInitializationError',\n  clientVersion: '5.22.0',\n  errorCode: 'P1001',\n  [Symbol(Symbol.toStringTag)]: [Getter]\n}","timestamp":"2025-12-18T02:47:32.044Z"}
{"level":"info","message":"Server listening on port 4002","timestamp":"2025-12-18T02:51:38.291Z"}
{"level":"error","message":"Database connection failed to localhost:5432/novabyte as user — Can't reach database server at `localhost:5432`\n\nPlease make sure your database server is running at `localhost:5432`.","timestamp":"2025-12-18T02:51:40.380Z"}
{"level":"warn","message":"Database connect attempt 1/5 failed — retrying in 2000ms","timestamp":"2025-12-18T02:51:40.383Z"}
{"level":"error","message":"Database connection failed to localhost:5432/novabyte as user — Can't reach database server at `localhost:5432`\n\nPlease make sure your database server is running at `localhost:5432`.","timestamp":"2025-12-18T02:51:44.390Z"}
{"level":"warn","message":"Database connect attempt 2/5 failed — retrying in 2000ms","timestamp":"2025-12-18T02:51:44.392Z"}
{"level":"error","message":"Database connection failed to localhost:5432/novabyte as user — Can't reach database server at `localhost:5432`\n\nPlease make sure your database server is running at `localhost:5432`.","timestamp":"2025-12-18T02:51:48.418Z"}
{"level":"warn","message":"Database connect attempt 3/5 failed — retrying in 2000ms","timestamp":"2025-12-18T02:51:48.420Z"}
{"level":"error","message":"Database connection failed to localhost:5432/novabyte as user — Can't reach database server at `localhost:5432`\n\nPlease make sure your database server is running at `localhost:5432`.","timestamp":"2025-12-18T02:51:52.457Z"}
{"level":"warn","message":"Database connect attempt 4/5 failed — retrying in 2000ms","timestamp":"2025-12-18T02:51:52.459Z"}
{"level":"error","message":"Database connection failed to localhost:5432/novabyte as user — Can't reach database server at `localhost:5432`\n\nPlease make sure your database server is running at `localhost:5432`.","timestamp":"2025-12-18T02:51:56.519Z"}
{"level":"warn","message":"Database connect attempt 5/5 failed — retrying in 2000ms","timestamp":"2025-12-18T02:51:56.520Z"}
{"level":"error","message":"Unable to connect to the database after multiple attempts. The server will keep running and retry in background.","timestamp":"2025-12-18T02:51:58.523Z"}
{"level":"info","message":"Attempting background DB reconnect...","timestamp":"2025-12-18T02:52:08.534Z"}
{"level":"error","message":"Database connection failed to localhost:5432/novabyte as user — Can't reach database server at `localhost:5432`\n\nPlease make sure your database server is running at `localhost:5432`.","timestamp":"2025-12-18T02:52:10.628Z"}
{"level":"info","message":"Attempting background DB reconnect...","timestamp":"2025-12-18T02:52:18.536Z"}
{"level":"error","message":"Database connection failed to localhost:5432/novabyte as user — Can't reach database server at `localhost:5432`\n\nPlease make sure your database server is running at `localhost:5432`.","timestamp":"2025-12-18T02:52:20.566Z"}
{"level":"info","message":"Attempting background DB reconnect...","timestamp":"2025-12-18T02:52:28.536Z"}
{"level":"error","message":"Database connection failed to localhost:5432/novabyte as user — Can't reach database server at `localhost:5432`\n\nPlease make sure your database server is running at `localhost:5432`.","timestamp":"2025-12-18T02:52:30.550Z"}
{"level":"info","message":"Attempting background DB reconnect...","timestamp":"2025-12-18T02:52:38.544Z"}
{"level":"error","message":"Database connection failed to localhost:5432/novabyte as user — Can't reach database server at `localhost:5432`\n\nPlease make sure your database server is running at `localhost:5432`.","timestamp":"2025-12-18T02:52:40.561Z"}
{"level":"info","message":"Attempting background DB reconnect...","timestamp":"2025-12-18T02:52:48.552Z"}
{"level":"error","message":"Database connection failed to localhost:5432/novabyte as user — Can't reach database server at `localhost:5432`\n\nPlease make sure your database server is running at `localhost:5432`.","timestamp":"2025-12-18T02:52:50.564Z"}
{"level":"info","message":"Attempting background DB reconnect...","timestamp":"2025-12-18T02:52:58.552Z"}
{"level":"error","message":"Database connection failed to localhost:5432/novabyte as user — Cannot read properties of undefined (reading '$connect')","timestamp":"2025-12-18T02:58:07.005Z"}
{"level":"info","message":"Server listening on port 4002","timestamp":"2025-12-18T02:58:07.014Z"}
{"level":"warn","message":"Database connect attempt 1/5 failed — retrying in 2000ms","timestamp":"2025-12-18T02:58:07.016Z"}
{"level":"warn","message":"No TCP listener found on localhost for ports 5432, 5433, 5434 — will attempt to connect with configured DATABASE_URL","timestamp":"2025-12-18T02:58:07.058Z"}
{"level":"error","message":"Database connection failed to localhost:5432/novabyte as user — Can't reach database server at `localhost:5432`\n\nPlease make sure your database server is running at `localhost:5432`.","timestamp":"2025-12-18T02:58:11.052Z"}
{"level":"warn","message":"Database connect attempt 2/5 failed — retrying in 2000ms","timestamp":"2025-12-18T02:58:11.054Z"}
{"level":"error","message":"Database connection failed to localhost:5432/novabyte as user — Can't reach database server at `localhost:5432`\n\nPlease make sure your database server is running at `localhost:5432`.","timestamp":"2025-12-18T02:58:15.098Z"}
{"level":"warn","message":"Database connect attempt 3/5 failed — retrying in 2000ms","timestamp":"2025-12-18T02:58:15.100Z"}
{"level":"error","message":"Database connection failed to localhost:5432/novabyte as user — Can't reach database server at `localhost:5432`\n\nPlease make sure your database server is running at `localhost:5432`.","timestamp":"2025-12-18T02:58:19.108Z"}
{"level":"warn","message":"Database connect attempt 4/5 failed — retrying in 2000ms","timestamp":"2025-12-18T02:58:19.110Z"}
{"level":"error","message":"Database connection failed to localhost:5432/novabyte as user — Can't reach database server at `localhost:5432`\n\nPlease make sure your database server is running at `localhost:5432`.","timestamp":"2025-12-18T02:58:23.132Z"}
{"level":"warn","message":"Database connect attempt 5/5 failed — retrying in 2000ms","timestamp":"2025-12-18T02:58:23.133Z"}
{"level":"error","message":"Unable to connect to the database after multiple attempts. The server will keep running and retry in background.","timestamp":"2025-12-18T02:58:25.143Z"}
{"level":"info","message":"Server listening on port 4002","timestamp":"2025-12-18T03:06:13.099Z"}
{"level":"warn","message":"No TCP listener found on localhost for ports 5432, 5433, 5434 — will attempt to connect with configured DATABASE_URL","timestamp":"2025-12-18T03:06:13.232Z"}
{"level":"error","message":"Database connection failed to localhost:5432/novabyte as user — Can't reach database server at `localhost:5432`\n\nPlease make sure your database server is running at `localhost:5432`.","timestamp":"2025-12-18T03:06:15.254Z"}
{"level":"warn","message":"Database connect attempt 1/5 failed — retrying in 2000ms","timestamp":"2025-12-18T03:06:15.255Z"}
{"level":"error","message":"Database connection failed to localhost:5432/novabyte as user — Can't reach database server at `localhost:5432`\n\nPlease make sure your database server is running at `localhost:5432`.","timestamp":"2025-12-18T03:06:19.277Z"}
{"level":"warn","message":"Database connect attempt 2/5 failed — retrying in 2000ms","timestamp":"2025-12-18T03:06:19.278Z"}
{"level":"error","message":"Database connection failed to localhost:5432/novabyte as user — Can't reach database server at `localhost:5432`\n\nPlease make sure your database server is running at `localhost:5432`.","timestamp":"2025-12-18T03:06:23.314Z"}
{"level":"warn","message":"Database connect attempt 3/5 failed — retrying in 2000ms","timestamp":"2025-12-18T03:06:23.315Z"}
{"level":"info","message":"Server listening on port 4002","timestamp":"2025-12-18T03:20:36.694Z"}
{"level":"warn","message":"No TCP listener found on localhost for ports 5432, 5433, 5434 — will attempt to connect with configured DATABASE_URL","timestamp":"2025-12-18T03:20:36.820Z"}
{"level":"info","message":"Ensuring \"novabyte\" database exists...","timestamp":"2025-12-18T03:20:36.823Z"}
{"level":"info","message":"Database name is already \"novabyte\", skipping creation","timestamp":"2025-12-18T03:20:36.825Z"}
{"level":"error","message":"Database connection failed to localhost:5432/novabyte as postgres — Can't reach database server at `localhost:5432`\n\nPlease make sure your database server is running at `localhost:5432`.","timestamp":"2025-12-18T03:20:38.852Z"}
{"level":"warn","message":"Database connect attempt 1/5 failed — retrying in 2000ms","timestamp":"2025-12-18T03:20:38.854Z"}
{"level":"error","message":"Database connection failed to localhost:5432/novabyte as postgres — Can't reach database server at `localhost:5432`\n\nPlease make sure your database server is running at `localhost:5432`.","timestamp":"2025-12-18T03:20:42.891Z"}
{"level":"warn","message":"Database connect attempt 2/5 failed — retrying in 2000ms","timestamp":"2025-12-18T03:20:42.893Z"}
{"level":"info","message":"Server listening on port 4002","timestamp":"2025-12-18T03:21:54.355Z"}
{"level":"warn","message":"No TCP listener found on localhost for ports 5432, 5433, 5434 — will attempt to connect with configured DATABASE_URL","timestamp":"2025-12-18T03:21:54.439Z"}
{"level":"info","message":"Ensuring \"novabyte\" database exists...","timestamp":"2025-12-18T03:21:54.440Z"}
{"level":"info","message":"Database name is already \"novabyte\", skipping creation","timestamp":"2025-12-18T03:21:54.442Z"}
{"level":"error","message":"Database connection failed to localhost:5432/novabyte as postgres — Can't reach database server at `localhost:5432`\n\nPlease make sure your database server is running at `localhost:5432`.","timestamp":"2025-12-18T03:21:56.471Z"}
{"level":"warn","message":"Database connect attempt 1/5 failed — retrying in 2000ms","timestamp":"2025-12-18T03:21:56.473Z"}
{"level":"info","message":"Server listening on port 4002","timestamp":"2025-12-18T04:24:02.092Z"}
{"level":"info","message":"Database appears reachable at localhost:5432","timestamp":"2025-12-18T04:24:02.208Z"}
{"level":"info","message":"Ensuring \"novabyte\" database exists...","timestamp":"2025-12-18T04:24:02.212Z"}
{"level":"info","message":"Database name is already \"novabyte\", skipping creation","timestamp":"2025-12-18T04:24:02.214Z"}
{"level":"error","message":"Database connection failed to localhost:5432/novabyte as postgres — Authentication failed against database server at `localhost`, the provided database credentials for `postgres` are not valid.\n\nPlease make sure to provide valid database credentials for the database server at `localhost`.","timestamp":"2025-12-18T04:24:02.781Z"}
{"level":"warn","message":"Database connect attempt 1/5 failed — retrying in 2000ms","timestamp":"2025-12-18T04:24:02.783Z"}
{"level":"info","message":"Database appears reachable at localhost:5432","timestamp":"2025-12-18T04:27:33.514Z"}
{"level":"info","message":"Ensuring \"novabyte\" database exists...","timestamp":"2025-12-18T04:27:33.539Z"}
{"level":"info","message":"Database name is already \"novabyte\", skipping creation","timestamp":"2025-12-18T04:27:33.559Z"}
{"level":"error","message":"Database connection failed to localhost:5432/novabyte as postgres — Authentication failed against database server at `localhost`, the provided database credentials for `postgres` are not valid.\n\nPlease make sure to provide valid database credentials for the database server at `localhost`.","timestamp":"2025-12-18T04:27:33.992Z"}
{"level":"warn","message":"Database connect attempt 1/10 failed — retrying in 2000ms","timestamp":"2025-12-18T04:27:33.997Z"}
{"level":"error","message":"Database connection failed to localhost:5432/novabyte as postgres — Authentication failed against database server at `localhost`, the provided database credentials for `postgres` are not valid.\n\nPlease make sure to provide valid database credentials for the database server at `localhost`.","timestamp":"2025-12-18T04:27:36.128Z"}
{"level":"warn","message":"Database connect attempt 2/10 failed — retrying in 2000ms","timestamp":"2025-12-18T04:27:36.133Z"}
{"level":"info","message":"Database appears reachable at localhost:5432","timestamp":"2025-12-18T04:34:37.555Z"}
{"level":"info","message":"Ensuring \"novabyte\" database exists...","timestamp":"2025-12-18T04:34:37.572Z"}
{"level":"info","message":"Database name is already \"novabyte\", skipping creation","timestamp":"2025-12-18T04:34:37.635Z"}
{"level":"error","message":"Database connection failed to localhost:5432/novabyte as postgres — Authentication failed against database server at `localhost`, the provided database credentials for `postgres` are not valid.\n\nPlease make sure to provide valid database credentials for the database server at `localhost`.","timestamp":"2025-12-18T04:34:39.399Z"}
{"level":"warn","message":"Database connect attempt 1/10 failed — retrying in 2000ms","timestamp":"2025-12-18T04:34:39.411Z"}
{"level":"error","message":"Database connection failed to localhost:5432/novabyte as postgres — Authentication failed against database server at `localhost`, the provided database credentials for `postgres` are not valid.\n\nPlease make sure to provide valid database credentials for the database server at `localhost`.","timestamp":"2025-12-18T04:34:41.756Z"}
{"level":"warn","message":"Database connect attempt 2/10 failed — retrying in 2000ms","timestamp":"2025-12-18T04:34:41.763Z"}
{"level":"error","message":"Database connection failed to localhost:5432/novabyte as postgres — Authentication failed against database server at `localhost`, the provided database credentials for `postgres` are not valid.\n\nPlease make sure to provide valid database credentials for the database server at `localhost`.","timestamp":"2025-12-18T04:34:44.017Z"}
{"level":"warn","message":"Database connect attempt 3/10 failed — retrying in 2000ms","timestamp":"2025-12-18T04:34:44.029Z"}
{"level":"error","message":"Database connection failed to localhost:5432/novabyte as postgres — Authentication failed against database server at `localhost`, the provided database credentials for `postgres` are not valid.\n\nPlease make sure to provide valid database credentials for the database server at `localhost`.","timestamp":"2025-12-18T04:34:46.280Z"}
{"level":"warn","message":"Database connect attempt 4/10 failed — retrying in 2000ms","timestamp":"2025-12-18T04:34:46.285Z"}
{"level":"error","message":"Database connection failed to localhost:5432/novabyte as postgres — Authentication failed against database server at `localhost`, the provided database credentials for `postgres` are not valid.\n\nPlease make sure to provide valid database credentials for the database server at `localhost`.","timestamp":"2025-12-18T04:34:48.451Z"}
{"level":"warn","message":"Database connect attempt 5/10 failed — retrying in 2000ms","timestamp":"2025-12-18T04:34:48.456Z"}
{"level":"error","message":"Database connection failed to localhost:5432/novabyte as postgres — Authentication failed against database server at `localhost`, the provided database credentials for `postgres` are not valid.\n\nPlease make sure to provide valid database credentials for the database server at `localhost`.","timestamp":"2025-12-18T04:34:50.725Z"}
{"level":"warn","message":"Database connect attempt 6/10 failed — retrying in 2000ms","timestamp":"2025-12-18T04:34:50.729Z"}
{"level":"error","message":"Database connection failed to localhost:5432/novabyte as postgres — Authentication failed against database server at `localhost`, the provided database credentials for `postgres` are not valid.\n\nPlease make sure to provide valid database credentials for the database server at `localhost`.","timestamp":"2025-12-18T04:34:52.921Z"}
{"level":"warn","message":"Database connect attempt 7/10 failed — retrying in 2000ms","timestamp":"2025-12-18T04:34:52.925Z"}
{"level":"error","message":"Database connection failed to localhost:5432/novabyte as postgres — Authentication failed against database server at `localhost`, the provided database credentials for `postgres` are not valid.\n\nPlease make sure to provide valid database credentials for the database server at `localhost`.","timestamp":"2025-12-18T04:34:55.194Z"}
{"level":"warn","message":"Database connect attempt 8/10 failed — retrying in 2000ms","timestamp":"2025-12-18T04:34:55.198Z"}
{"level":"error","message":"Database connection failed to localhost:5432/novabyte as postgres — Authentication failed against database server at `localhost`, the provided database credentials for `postgres` are not valid.\n\nPlease make sure to provide valid database credentials for the database server at `localhost`.","timestamp":"2025-12-18T04:34:57.550Z"}
{"level":"warn","message":"Database connect attempt 9/10 failed — retrying in 2000ms","timestamp":"2025-12-18T04:34:57.555Z"}
{"level":"info","message":"Built DATABASE_URL from DB_* env vars","timestamp":"2025-12-18T04:40:00.163Z"}
{"level":"info","message":"Database appears reachable at localhost:5432","timestamp":"2025-12-18T04:40:00.263Z"}
{"level":"info","message":"Ensuring \"novabyte\" database exists...","timestamp":"2025-12-18T04:40:00.269Z"}
{"level":"error","message":"Failed to ensure database exists: error: password authentication failed for user \"postgres\"\n    at Parser.parseErrorMessage (C:\\Users\\Boutobza\\Desktop\\2\\backend\\node_modules\\pg-protocol\\dist\\parser.js:285:98)\n    at Parser.handlePacket (C:\\Users\\Boutobza\\Desktop\\2\\backend\\node_modules\\pg-protocol\\dist\\parser.js:122:29)\n    at Parser.parse (C:\\Users\\Boutobza\\Desktop\\2\\backend\\node_modules\\pg-protocol\\dist\\parser.js:35:38)\n    at Socket.<anonymous> (C:\\Users\\Boutobza\\Desktop\\2\\backend\\node_modules\\pg-protocol\\dist\\index.js:11:42)\n    at Socket.emit (node:events:508:28)\n    at addChunk (node:internal/streams/readable:559:12)\n    at readableAddChunkPushByteMode (node:internal/streams/readable:510:3)\n    at Readable.push (node:internal/streams/readable:390:5)\n    at TCP.onStreamRead (node:internal/stream_base_commons:189:23) {\n  [stack]: [Getter/Setter],\n  [message]: 'password authentication failed for user \"postgres\"',\n  length: 104,\n  name: 'error',\n  severity: 'FATAL',\n  code: '28P01',\n  detail: undefined,\n  hint: undefined,\n  position: undefined,\n  internalPosition: undefined,\n  internalQuery: undefined,\n  where: undefined,\n  schema: undefined,\n  table: undefined,\n  column: undefined,\n  dataType: undefined,\n  constraint: undefined,\n  file: 'auth.c',\n  line: '320',\n  routine: 'auth_failed'\n}","timestamp":"2025-12-18T04:40:00.459Z"}
{"level":"error","message":"Database connection failed to localhost:5432/novabyte as postgres — Authentication failed against database server at `localhost`, the provided database credentials for `postgres` are not valid.\n\nPlease make sure to provide valid database credentials for the database server at `localhost`.","timestamp":"2025-12-18T04:40:01.083Z"}
{"level":"warn","message":"Database connect attempt 1/5 failed — retrying in 2000ms","timestamp":"2025-12-18T04:40:01.089Z"}
{"level":"error","message":"Database connection failed to localhost:5432/novabyte as postgres — Authentication failed against database server at `localhost`, the provided database credentials for `postgres` are not valid.\n\nPlease make sure to provide valid database credentials for the database server at `localhost`.","timestamp":"2025-12-18T04:40:03.325Z"}
{"level":"warn","message":"Database connect attempt 2/5 failed — retrying in 2000ms","timestamp":"2025-12-18T04:40:03.328Z"}
{"level":"error","message":"Failed to ensure database exists: error: password authentication failed for user \"postgres\"\n    at Parser.parseErrorMessage (C:\\Users\\Boutobza\\Desktop\\2\\backend\\node_modules\\pg-protocol\\dist\\parser.js:285:98)\n    at Parser.handlePacket (C:\\Users\\Boutobza\\Desktop\\2\\backend\\node_modules\\pg-protocol\\dist\\parser.js:122:29)\n    at Parser.parse (C:\\Users\\Boutobza\\Desktop\\2\\backend\\node_modules\\pg-protocol\\dist\\parser.js:35:38)\n    at Socket.<anonymous> (C:\\Users\\Boutobza\\Desktop\\2\\backend\\node_modules\\pg-protocol\\dist\\index.js:11:42)\n    at Socket.emit (node:events:508:28)\n    at addChunk (node:internal/streams/readable:559:12)\n    at readableAddChunkPushByteMode (node:internal/streams/readable:510:3)\n    at Readable.push (node:internal/streams/readable:390:5)\n    at TCP.onStreamRead (node:internal/stream_base_commons:189:23) {\n  [stack]: [Getter/Setter],\n  [message]: 'password authentication failed for user \"postgres\"',\n  length: 104,\n  name: 'error',\n  severity: 'FATAL',\n  code: '28P01',\n  detail: undefined,\n  hint: undefined,\n  position: undefined,\n  internalPosition: undefined,\n  internalQuery: undefined,\n  where: undefined,\n  schema: undefined,\n  table: undefined,\n  column: undefined,\n  dataType: undefined,\n  constraint: undefined,\n  file: 'auth.c',\n  line: '320',\n  routine: 'auth_failed'\n}","timestamp":"2025-12-18T04:43:05.631Z"}
{"level":"warn","message":"Could not ensure database exists. Proceeding to connection attempts which may still succeed if DB already exists.","timestamp":"2025-12-18T04:43:05.644Z"}
{"level":"error","message":"Failed to ensure database exists: error: password authentication failed for user \"postgres\"\n    at Parser.parseErrorMessage (C:\\Users\\Boutobza\\Desktop\\2\\backend\\node_modules\\pg-protocol\\dist\\parser.js:285:98)\n    at Parser.handlePacket (C:\\Users\\Boutobza\\Desktop\\2\\backend\\node_modules\\pg-protocol\\dist\\parser.js:122:29)\n    at Parser.parse (C:\\Users\\Boutobza\\Desktop\\2\\backend\\node_modules\\pg-protocol\\dist\\parser.js:35:38)\n    at Socket.<anonymous> (C:\\Users\\Boutobza\\Desktop\\2\\backend\\node_modules\\pg-protocol\\dist\\index.js:11:42)\n    at Socket.emit (node:events:508:28)\n    at addChunk (node:internal/streams/readable:559:12)\n    at readableAddChunkPushByteMode (node:internal/streams/readable:510:3)\n    at Readable.push (node:internal/streams/readable:390:5)\n    at TCP.onStreamRead (node:internal/stream_base_commons:189:23) {\n  [stack]: [Getter/Setter],\n  [message]: 'password authentication failed for user \"postgres\"',\n  length: 104,\n  name: 'error',\n  severity: 'FATAL',\n  code: '28P01',\n  detail: undefined,\n  hint: undefined,\n  position: undefined,\n  internalPosition: undefined,\n  internalQuery: undefined,\n  where: undefined,\n  schema: undefined,\n  table: undefined,\n  column: undefined,\n  dataType: undefined,\n  constraint: undefined,\n  file: 'auth.c',\n  line: '320',\n  routine: 'auth_failed'\n}","timestamp":"2025-12-18T04:43:24.031Z"}
{"level":"warn","message":"Could not ensure database exists. Proceeding to connection attempts which may still succeed if DB already exists.","timestamp":"2025-12-18T04:43:24.064Z"}
{"level":"info","message":"Built DATABASE_URL from DB_* env vars","timestamp":"2025-12-18T04:45:27.109Z"}
{"level":"info","message":"Database appears reachable at localhost:5432","timestamp":"2025-12-18T04:45:27.204Z"}
{"level":"info","message":"Ensuring \"novabyte\" database exists...","timestamp":"2025-12-18T04:45:27.210Z"}
{"level":"error","message":"Failed to ensure database exists: error: password authentication failed for user \"postgres\"\n    at Parser.parseErrorMessage (C:\\Users\\Boutobza\\Desktop\\2\\backend\\node_modules\\pg-protocol\\dist\\parser.js:285:98)\n    at Parser.handlePacket (C:\\Users\\Boutobza\\Desktop\\2\\backend\\node_modules\\pg-protocol\\dist\\parser.js:122:29)\n    at Parser.parse (C:\\Users\\Boutobza\\Desktop\\2\\backend\\node_modules\\pg-protocol\\dist\\parser.js:35:38)\n    at Socket.<anonymous> (C:\\Users\\Boutobza\\Desktop\\2\\backend\\node_modules\\pg-protocol\\dist\\index.js:11:42)\n    at Socket.emit (node:events:508:28)\n    at addChunk (node:internal/streams/readable:559:12)\n    at readableAddChunkPushByteMode (node:internal/streams/readable:510:3)\n    at Readable.push (node:internal/streams/readable:390:5)\n    at TCP.onStreamRead (node:internal/stream_base_commons:189:23) {\n  [stack]: [Getter/Setter],\n  [message]: 'password authentication failed for user \"postgres\"',\n  length: 104,\n  name: 'error',\n  severity: 'FATAL',\n  code: '28P01',\n  detail: undefined,\n  hint: undefined,\n  position: undefined,\n  internalPosition: undefined,\n  internalQuery: undefined,\n  where: undefined,\n  schema: undefined,\n  table: undefined,\n  column: undefined,\n  dataType: undefined,\n  constraint: undefined,\n  file: 'auth.c',\n  line: '320',\n  routine: 'auth_failed'\n}","timestamp":"2025-12-18T04:45:27.372Z"}
{"level":"error","message":"Database connection failed to localhost:5432/novabyte as postgres — Authentication failed against database server at `localhost`, the provided database credentials for `postgres` are not valid.\n\nPlease make sure to provide valid database credentials for the database server at `localhost`.","timestamp":"2025-12-18T04:45:27.696Z"}
{"level":"warn","message":"Database connect attempt 1/5 failed — retrying in 2000ms","timestamp":"2025-12-18T04:45:27.699Z"}
{"level":"error","message":"Failed to ensure database exists: error: password authentication failed for user \"postgres\"\n    at Parser.parseErrorMessage (C:\\Users\\Boutobza\\Desktop\\2\\backend\\node_modules\\pg-protocol\\dist\\parser.js:285:98)\n    at Parser.handlePacket (C:\\Users\\Boutobza\\Desktop\\2\\backend\\node_modules\\pg-protocol\\dist\\parser.js:122:29)\n    at Parser.parse (C:\\Users\\Boutobza\\Desktop\\2\\backend\\node_modules\\pg-protocol\\dist\\parser.js:35:38)\n    at Socket.<anonymous> (C:\\Users\\Boutobza\\Desktop\\2\\backend\\node_modules\\pg-protocol\\dist\\index.js:11:42)\n    at Socket.emit (node:events:508:28)\n    at addChunk (node:internal/streams/readable:559:12)\n    at readableAddChunkPushByteMode (node:internal/streams/readable:510:3)\n    at Readable.push (node:internal/streams/readable:390:5)\n    at TCP.onStreamRead (node:internal/stream_base_commons:189:23) {\n  [stack]: [Getter/Setter],\n  [message]: 'password authentication failed for user \"postgres\"',\n  length: 104,\n  name: 'error',\n  severity: 'FATAL',\n  code: '28P01',\n  detail: undefined,\n  hint: undefined,\n  position: undefined,\n  internalPosition: undefined,\n  internalQuery: undefined,\n  where: undefined,\n  schema: undefined,\n  table: undefined,\n  column: undefined,\n  dataType: undefined,\n  constraint: undefined,\n  file: 'auth.c',\n  line: '320',\n  routine: 'auth_failed'\n}","timestamp":"2025-12-18T04:49:49.866Z"}
{"level":"warn","message":"Could not ensure database exists. Proceeding to connection attempts which may still succeed if DB already exists.","timestamp":"2025-12-18T04:49:49.886Z"}
{"level":"error","message":"Failed to ensure database exists: error: password authentication failed for user \"postgres\"\n    at Parser.parseErrorMessage (C:\\Users\\Boutobza\\Desktop\\2\\backend\\node_modules\\pg-protocol\\dist\\parser.js:285:98)\n    at Parser.handlePacket (C:\\Users\\Boutobza\\Desktop\\2\\backend\\node_modules\\pg-protocol\\dist\\parser.js:122:29)\n    at Parser.parse (C:\\Users\\Boutobza\\Desktop\\2\\backend\\node_modules\\pg-protocol\\dist\\parser.js:35:38)\n    at Socket.<anonymous> (C:\\Users\\Boutobza\\Desktop\\2\\backend\\node_modules\\pg-protocol\\dist\\index.js:11:42)\n    at Socket.emit (node:events:508:28)\n    at addChunk (node:internal/streams/readable:559:12)\n    at readableAddChunkPushByteMode (node:internal/streams/readable:510:3)\n    at Readable.push (node:internal/streams/readable:390:5)\n    at TCP.onStreamRead (node:internal/stream_base_commons:189:23) {\n  [stack]: [Getter/Setter],\n  [message]: 'password authentication failed for user \"postgres\"',\n  length: 104,\n  name: 'error',\n  severity: 'FATAL',\n  code: '28P01',\n  detail: undefined,\n  hint: undefined,\n  position: undefined,\n  internalPosition: undefined,\n  internalQuery: undefined,\n  where: undefined,\n  schema: undefined,\n  table: undefined,\n  column: undefined,\n  dataType: undefined,\n  constraint: undefined,\n  file: 'auth.c',\n  line: '320',\n  routine: 'auth_failed'\n}","timestamp":"2025-12-18T04:50:25.394Z"}
{"level":"warn","message":"Could not ensure database exists. Proceeding to connection attempts which may still succeed if DB already exists.","timestamp":"2025-12-18T04:50:25.406Z"}
{"level":"info","message":"Built DATABASE_URL from DB_* env vars","timestamp":"2025-12-18T04:50:53.510Z"}
{"level":"info","message":"Database appears reachable at localhost:5432","timestamp":"2025-12-18T04:50:53.596Z"}
{"level":"info","message":"Ensuring \"novabyte\" database exists...","timestamp":"2025-12-18T04:50:53.599Z"}
{"level":"error","message":"Failed to ensure database exists: error: password authentication failed for user \"postgres\"\n    at Parser.parseErrorMessage (C:\\Users\\Boutobza\\Desktop\\2\\backend\\node_modules\\pg-protocol\\dist\\parser.js:285:98)\n    at Parser.handlePacket (C:\\Users\\Boutobza\\Desktop\\2\\backend\\node_modules\\pg-protocol\\dist\\parser.js:122:29)\n    at Parser.parse (C:\\Users\\Boutobza\\Desktop\\2\\backend\\node_modules\\pg-protocol\\dist\\parser.js:35:38)\n    at Socket.<anonymous> (C:\\Users\\Boutobza\\Desktop\\2\\backend\\node_modules\\pg-protocol\\dist\\index.js:11:42)\n    at Socket.emit (node:events:508:28)\n    at addChunk (node:internal/streams/readable:559:12)\n    at readableAddChunkPushByteMode (node:internal/streams/readable:510:3)\n    at Readable.push (node:internal/streams/readable:390:5)\n    at TCP.onStreamRead (node:internal/stream_base_commons:189:23) {\n  [stack]: [Getter/Setter],\n  [message]: 'password authentication failed for user \"postgres\"',\n  length: 104,\n  name: 'error',\n  severity: 'FATAL',\n  code: '28P01',\n  detail: undefined,\n  hint: undefined,\n  position: undefined,\n  internalPosition: undefined,\n  internalQuery: undefined,\n  where: undefined,\n  schema: undefined,\n  table: undefined,\n  column: undefined,\n  dataType: undefined,\n  constraint: undefined,\n  file: 'auth.c',\n  line: '320',\n  routine: 'auth_failed'\n}","timestamp":"2025-12-18T04:50:53.792Z"}
{"level":"error","message":"Database connection failed to localhost:5432/novabyte as postgres — Authentication failed against database server at `localhost`, the provided database credentials for `postgres` are not valid.\n\nPlease make sure to provide valid database credentials for the database server at `localhost`.","timestamp":"2025-12-18T04:50:54.228Z"}
{"level":"warn","message":"Database connect attempt 1/5 failed — retrying in 2000ms","timestamp":"2025-12-18T04:50:54.231Z"}
{"level":"error","message":"Failed to ensure database exists: error: password authentication failed for user \"postgres\"\n    at Parser.parseErrorMessage (C:\\Users\\Boutobza\\Desktop\\2\\backend\\node_modules\\pg-protocol\\dist\\parser.js:285:98)\n    at Parser.handlePacket (C:\\Users\\Boutobza\\Desktop\\2\\backend\\node_modules\\pg-protocol\\dist\\parser.js:122:29)\n    at Parser.parse (C:\\Users\\Boutobza\\Desktop\\2\\backend\\node_modules\\pg-protocol\\dist\\parser.js:35:38)\n    at Socket.<anonymous> (C:\\Users\\Boutobza\\Desktop\\2\\backend\\node_modules\\pg-protocol\\dist\\index.js:11:42)\n    at Socket.emit (node:events:508:28)\n    at addChunk (node:internal/streams/readable:559:12)\n    at readableAddChunkPushByteMode (node:internal/streams/readable:510:3)\n    at Readable.push (node:internal/streams/readable:390:5)\n    at TCP.onStreamRead (node:internal/stream_base_commons:189:23) {\n  [stack]: [Getter/Setter],\n  [message]: 'password authentication failed for user \"postgres\"',\n  length: 104,\n  name: 'error',\n  severity: 'FATAL',\n  code: '28P01',\n  detail: undefined,\n  hint: undefined,\n  position: undefined,\n  internalPosition: undefined,\n  internalQuery: undefined,\n  where: undefined,\n  schema: undefined,\n  table: undefined,\n  column: undefined,\n  dataType: undefined,\n  constraint: undefined,\n  file: 'auth.c',\n  line: '320',\n  routine: 'auth_failed'\n}","timestamp":"2025-12-18T04:54:58.453Z"}
{"level":"warn","message":"Could not ensure database exists. Proceeding to connection attempts which may still succeed if DB already exists.","timestamp":"2025-12-18T04:54:58.473Z"}
{"level":"info","message":"Built DATABASE_URL from DB_* env vars","timestamp":"2025-12-18T04:59:40.326Z"}
{"level":"info","message":"Database appears reachable at localhost:5432","timestamp":"2025-12-18T04:59:40.490Z"}
{"level":"info","message":"Ensuring \"novabyte\" database exists...","timestamp":"2025-12-18T04:59:40.493Z"}
{"level":"info","message":"Connected to PostgreSQL server as admin to verify database existence","timestamp":"2025-12-18T04:59:40.826Z"}
{"level":"error","message":"Database connection failed to localhost:5432/novabyte as postgres — Database `novabyte` does not exist on the database server at `localhost:5432`.","timestamp":"2025-12-18T04:59:40.845Z"}
{"level":"warn","message":"Database connect attempt 1/5 failed — retrying in 2000ms","timestamp":"2025-12-18T04:59:40.851Z"}
{"level":"info","message":"Created database \"novabyte\"","timestamp":"2025-12-18T04:59:41.928Z"}
{"level":"info","message":"Database connected successfully","timestamp":"2025-12-18T04:59:42.998Z"}
{"level":"info","message":"Built DATABASE_URL from DB_* env vars","timestamp":"2025-12-18T05:13:11.129Z"}
{"level":"info","message":"Database appears reachable at localhost:5432","timestamp":"2025-12-18T05:13:11.337Z"}
{"level":"info","message":"Ensuring \"novabyte\" database exists...","timestamp":"2025-12-18T05:13:11.351Z"}
{"level":"info","message":"Database connected successfully","timestamp":"2025-12-18T05:13:11.570Z"}
{"level":"info","message":"Database reachable at localhost:5432","timestamp":"2025-12-18T05:13:11.628Z"}
{"level":"info","message":"Running Prisma migrations...","timestamp":"2025-12-18T05:13:11.630Z"}
{"level":"info","message":"Prisma migrations completed successfully","timestamp":"2025-12-18T05:13:24.490Z"}
{"level":"info","message":"Server listening on port 4002","timestamp":"2025-12-18T05:13:24.510Z"}
{"level":"info","message":"Connected to PostgreSQL server as admin to verify database existence","timestamp":"2025-12-18T05:13:24.577Z"}
{"level":"info","message":"Database \"novabyte\" already exists","timestamp":"2025-12-18T05:13:24.610Z"}
{"level":"info","message":"Built DATABASE_URL from DB_* env vars","timestamp":"2025-12-18T06:55:56.182Z"}
{"level":"info","message":"Database appears reachable at localhost:5432","timestamp":"2025-12-18T06:55:56.313Z"}
{"level":"info","message":"Ensuring \"novabyte\" database exists...","timestamp":"2025-12-18T06:55:56.317Z"}
{"level":"info","message":"Connected to PostgreSQL server as admin to verify database existence","timestamp":"2025-12-18T06:55:56.521Z"}
{"level":"info","message":"Database connected successfully","timestamp":"2025-12-18T06:55:56.532Z"}
{"level":"info","message":"Database reachable at localhost:5432","timestamp":"2025-12-18T06:55:56.535Z"}
{"level":"info","message":"Running Prisma migrations...","timestamp":"2025-12-18T06:55:56.537Z"}
{"level":"info","message":"Prisma migrations completed successfully","timestamp":"2025-12-18T06:56:03.312Z"}
{"level":"info","message":"Server listening on port 4002","timestamp":"2025-12-18T06:56:03.327Z"}
{"level":"info","message":"Database \"novabyte\" already exists","timestamp":"2025-12-18T06:56:03.334Z"}
{"level":"info","message":"Built DATABASE_URL from DB_* env vars","timestamp":"2025-12-18T07:01:48.528Z"}
{"level":"info","message":"Database appears reachable at localhost:5432","timestamp":"2025-12-18T07:01:48.679Z"}
{"level":"info","message":"Ensuring \"novabyte\" database exists...","timestamp":"2025-12-18T07:01:48.682Z"}
{"level":"info","message":"Connected to PostgreSQL server as admin to verify database existence","timestamp":"2025-12-18T07:01:48.941Z"}
{"level":"info","message":"Database connected successfully","timestamp":"2025-12-18T07:01:48.946Z"}
{"level":"info","message":"Database reachable at localhost:5432","timestamp":"2025-12-18T07:01:48.948Z"}
{"level":"info","message":"Running Prisma migrations...","timestamp":"2025-12-18T07:01:48.950Z"}
{"level":"info","message":"Prisma migrations completed successfully","timestamp":"2025-12-18T07:01:58.530Z"}
{"level":"info","message":"Server listening on port 4002","timestamp":"2025-12-18T07:01:58.539Z"}
{"level":"info","message":"Database \"novabyte\" already exists","timestamp":"2025-12-18T07:01:58.547Z"}
{"level":"info","message":"Built DATABASE_URL from DB_* env vars","timestamp":"2025-12-18T07:12:48.479Z"}
{"level":"info","message":"Database appears reachable at localhost:5432","timestamp":"2025-12-18T07:12:48.704Z"}
{"level":"info","message":"Ensuring \"novabyte\" database exists...","timestamp":"2025-12-18T07:12:48.711Z"}
{"level":"info","message":"Connected to PostgreSQL server as admin to verify database existence","timestamp":"2025-12-18T07:12:49.336Z"}
{"level":"info","message":"Database connected successfully","timestamp":"2025-12-18T07:12:49.348Z"}
{"level":"info","message":"Database reachable at localhost:5432","timestamp":"2025-12-18T07:12:49.352Z"}
{"level":"info","message":"Running Prisma migrations...","timestamp":"2025-12-18T07:12:49.355Z"}
{"level":"info","message":"Prisma migrations completed successfully","timestamp":"2025-12-18T07:13:00.490Z"}
{"level":"info","message":"Server listening on port 4002","timestamp":"2025-12-18T07:13:00.565Z"}
{"level":"info","message":"Database \"novabyte\" already exists","timestamp":"2025-12-18T07:13:00.579Z"}
{"level":"info","message":"Built DATABASE_URL from DB_* env vars","timestamp":"2025-12-18T07:14:02.881Z"}
{"level":"warn","message":"No TCP listener found on localhost for ports 5432, 5433, 5434 — will attempt to connect with configured DATABASE_URL","timestamp":"2025-12-18T07:14:04.695Z"}
{"level":"info","message":"Ensuring \"novabyte\" database exists...","timestamp":"2025-12-18T07:14:04.859Z"}
{"level":"info","message":"Database connected successfully","timestamp":"2025-12-18T07:14:05.149Z"}
{"level":"info","message":"Database reachable at localhost:5432","timestamp":"2025-12-18T07:14:05.286Z"}
{"level":"info","message":"Running Prisma migrations...","timestamp":"2025-12-18T07:14:05.306Z"}
{"level":"info","message":"Prisma migrations completed successfully","timestamp":"2025-12-18T07:14:37.748Z"}
{"level":"info","message":"Server listening on port 4002","timestamp":"2025-12-18T07:14:38.256Z"}
{"level":"info","message":"Connected to PostgreSQL server as admin to verify database existence","timestamp":"2025-12-18T07:14:38.418Z"}
{"level":"info","message":"Database \"novabyte\" already exists","timestamp":"2025-12-18T07:14:38.460Z"}
{"level":"info","message":"Built DATABASE_URL from DB_* env vars","timestamp":"2025-12-18T07:25:01.256Z"}
{"level":"info","message":"Database appears reachable at localhost:5432","timestamp":"2025-12-18T07:25:01.384Z"}
{"level":"info","message":"Ensuring \"novabyte\" database exists...","timestamp":"2025-12-18T07:25:01.387Z"}
{"level":"info","message":"Database connected successfully","timestamp":"2025-12-18T07:25:01.717Z"}
{"level":"info","message":"Database reachable at localhost:5432","timestamp":"2025-12-18T07:25:01.720Z"}
{"level":"info","message":"Running Prisma migrations...","timestamp":"2025-12-18T07:25:01.722Z"}
{"level":"info","message":"Prisma migrations completed successfully","timestamp":"2025-12-18T07:25:09.626Z"}
{"level":"info","message":"Server listening on port 4002","timestamp":"2025-12-18T07:25:09.636Z"}
{"level":"info","message":"Connected to PostgreSQL server as admin to verify database existence","timestamp":"2025-12-18T07:25:09.682Z"}
{"level":"info","message":"Database \"novabyte\" already exists","timestamp":"2025-12-18T07:25:09.711Z"}
{"level":"info","message":"Built DATABASE_URL from DB_* env vars","timestamp":"2025-12-18T07:59:31.644Z"}
{"level":"info","message":"Database appears reachable at localhost:5432","timestamp":"2025-12-18T07:59:31.793Z"}
{"level":"info","message":"Ensuring \"novabyte\" database exists...","timestamp":"2025-12-18T07:59:31.798Z"}
{"level":"info","message":"Database connected successfully","timestamp":"2025-12-18T07:59:32.038Z"}
{"level":"info","message":"Database reachable at localhost:5432","timestamp":"2025-12-18T07:59:32.041Z"}
{"level":"info","message":"Running Prisma migrations...","timestamp":"2025-12-18T07:59:32.042Z"}
{"level":"info","message":"Prisma migrations completed successfully","timestamp":"2025-12-18T07:59:38.236Z"}
{"level":"info","message":"Server listening on port 4002","timestamp":"2025-12-18T07:59:38.268Z"}
{"level":"info","message":"Connected to PostgreSQL server as admin to verify database existence","timestamp":"2025-12-18T07:59:38.361Z"}
{"level":"info","message":"Database \"novabyte\" already exists","timestamp":"2025-12-18T07:59:38.433Z"}
{"level":"error","message":"Unhandled error: [Error: ENOENT: no such file or directory, stat 'C:\\Users\\Boutobza\\Desktop\\2\\backend\\public\\404.html'] {\n  [stack]: [Getter/Setter],\n  [message]: \"ENOENT: no such file or directory, stat 'C:\\\\Users\\\\Boutobza\\\\Desktop\\\\2\\\\backend\\\\public\\\\404.html'\",\n  errno: -4058,\n  code: 'ENOENT',\n  syscall: 'stat',\n  path: 'C:\\\\Users\\\\Boutobza\\\\Desktop\\\\2\\\\backend\\\\public\\\\404.html',\n  expose: false,\n  statusCode: 404,\n  status: 404\n}","timestamp":"2025-12-18T07:59:57.708Z"}
{"level":"error","message":"Unhandled error: [Error: ENOENT: no such file or directory, stat 'C:\\Users\\Boutobza\\Desktop\\2\\backend\\public\\404.html'] {\n  [stack]: [Getter/Setter],\n  [message]: \"ENOENT: no such file or directory, stat 'C:\\\\Users\\\\Boutobza\\\\Desktop\\\\2\\\\backend\\\\public\\\\404.html'\",\n  errno: -4058,\n  code: 'ENOENT',\n  syscall: 'stat',\n  path: 'C:\\\\Users\\\\Boutobza\\\\Desktop\\\\2\\\\backend\\\\public\\\\404.html',\n  expose: false,\n  statusCode: 404,\n  status: 404\n}","timestamp":"2025-12-18T08:00:08.501Z"}
{"level":"error","message":"Unhandled error: [Error: ENOENT: no such file or directory, stat 'C:\\Users\\Boutobza\\Desktop\\2\\backend\\public\\404.html'] {\n  [stack]: [Getter/Setter],\n  [message]: \"ENOENT: no such file or directory, stat 'C:\\\\Users\\\\Boutobza\\\\Desktop\\\\2\\\\backend\\\\public\\\\404.html'\",\n  errno: -4058,\n  code: 'ENOENT',\n  syscall: 'stat',\n  path: 'C:\\\\Users\\\\Boutobza\\\\Desktop\\\\2\\\\backend\\\\public\\\\404.html',\n  expose: false,\n  statusCode: 404,\n  status: 404\n}","timestamp":"2025-12-18T08:00:38.978Z"}
